[2018-07-11 02:16:10] <INFO> [JsonAdapter] Data source does not exist, creating default
[2018-07-11 02:16:10] <VERB> [Bot.setup] Loaded 4 behaviours
[2018-07-11 02:16:10] <SUCS> [Bot.setup] Enabled 3 behaviours
[2018-07-11 02:16:10] <VERB> [CommandLoader.loadAll] Loading multiple commands
[2018-07-11 02:16:13] <SUCS> [CommandLoader.loadAll] Loaded a total of 27 command(s)
[2018-07-11 02:16:13] <VERB> [CommandLoader.loadPrimitives] Attempting to load 6 primitive commands
[2018-07-11 02:16:13] <SUCS> [CommandLoader.loadPrimitives] Successfully loaded 6/6 primitive commands
[2018-07-11 02:16:13] <SUCS> [Bot.setupEvents] Discord events setup completed
[2018-07-11 02:16:13] <VERB> [Bot.setupEvents] Setting up Discord events
[2018-07-11 02:16:13] <SUCS> [Bot.setup] Bot setup completed
[2018-07-11 02:16:13] <VERB> [Bot.connect] Starting
[2018-07-11 02:16:15] <VERB> [ConsoleInterface] Setting up console interface
[2018-07-11 02:16:15] <SUCS> [ConsoleInterface.setup] Console interface setup completed
[2018-07-11 02:16:15] <SUCS> [Bot.setupAuthStore] Auth store setup completed
[2018-07-11 02:16:15] <INFO> [Bot.setupEvents] Logged in as Knight#8221
[2018-07-11 02:16:15] <SUCS> [Bot.setupEvents] Ready | Took 4s
[2018-07-11 02:17:05] <VERB> [Bot.setup] Loaded 4 behaviours
[2018-07-11 02:17:05] <SUCS> [Bot.setup] Enabled 3 behaviours
[2018-07-11 02:17:05] <VERB> [CommandLoader.loadAll] Loading multiple commands
[2018-07-11 02:17:05] <SUCS> [CommandLoader.loadAll] Loaded a total of 27 command(s)
[2018-07-11 02:17:05] <VERB> [CommandLoader.loadPrimitives] Attempting to load 6 primitive commands
[2018-07-11 02:17:05] <SUCS> [CommandLoader.loadPrimitives] Successfully loaded 6/6 primitive commands
[2018-07-11 02:17:05] <SUCS> [Bot.setupEvents] Discord events setup completed
[2018-07-11 02:17:05] <VERB> [Bot.setupEvents] Setting up Discord events
[2018-07-11 02:17:05] <SUCS> [Bot.setup] Bot setup completed
[2018-07-11 02:17:05] <VERB> [Bot.connect] Starting
[2018-07-11 02:17:06] <WARN> [Temp.create] Temp folder already exists for the bot: 434432910947385354. This may be due to an improper bot shutdown.
[2018-07-11 02:17:06] <VERB> [ConsoleInterface] Setting up console interface
[2018-07-11 02:17:06] <SUCS> [ConsoleInterface.setup] Console interface setup completed
[2018-07-11 02:17:06] <SUCS> [Bot.setupAuthStore] Auth store setup completed
[2018-07-11 02:17:06] <INFO> [Bot.setupEvents] Logged in as Knight#8221
[2018-07-11 02:17:06] <SUCS> [Bot.setupEvents] Ready | Took 1s
[2018-07-11 02:17:22] <VERB> [Bot.setup] Loaded 4 behaviours
[2018-07-11 02:17:22] <SUCS> [Bot.setup] Enabled 3 behaviours
[2018-07-11 02:17:22] <VERB> [CommandLoader.loadAll] Loading multiple commands
[2018-07-11 02:17:23] <SUCS> [CommandLoader.loadAll] Loaded a total of 27 command(s)
[2018-07-11 02:17:23] <VERB> [CommandLoader.loadPrimitives] Attempting to load 6 primitive commands
[2018-07-11 02:17:23] <SUCS> [CommandLoader.loadPrimitives] Successfully loaded 6/6 primitive commands
[2018-07-11 02:17:23] <VERB> [Bot.setupEvents] Setting up Discord events
[2018-07-11 02:17:23] <SUCS> [Bot.setupEvents] Discord events setup completed
[2018-07-11 02:17:23] <SUCS> [Bot.setup] Bot setup completed
[2018-07-11 02:17:23] <VERB> [Bot.connect] Starting
[2018-07-11 02:17:23] <WARN> [Temp.create] Temp folder already exists for the bot: 434432910947385354. This may be due to an improper bot shutdown.
[2018-07-11 02:17:23] <VERB> [ConsoleInterface] Setting up console interface
[2018-07-11 02:17:23] <SUCS> [ConsoleInterface.setup] Console interface setup completed
[2018-07-11 02:17:23] <SUCS> [Bot.setupAuthStore] Auth store setup completed
[2018-07-11 02:17:23] <INFO> [Bot.setupEvents] Logged in as Knight#8221
[2018-07-11 02:17:23] <SUCS> [Bot.setupEvents] Ready | Took 1s
[2018-07-20 04:25:57] <INFO> [JsonAdapter] Data source does not exist, creating default
[2018-07-20 04:25:57] <VERB> [Bot.setup] Loaded 4 behaviours
[2018-07-20 04:25:57] <SUCS> [Bot.setup] Enabled 3 behaviours
[2018-07-20 04:25:57] <VERB> [CommandLoader.loadAll] Loading multiple commands
[2018-07-20 04:25:57] <SUCS> [CommandLoader.loadAll] Loaded a total of 27 command(s)
[2018-07-20 04:25:57] <VERB> [CommandLoader.loadPrimitives] Attempting to load 6 primitive commands
[2018-07-20 04:25:57] <SUCS> [CommandLoader.loadPrimitives] Successfully loaded 6/6 primitive commands
[2018-07-20 04:25:57] <VERB> [Bot.setupEvents] Setting up Discord events
[2018-07-20 04:25:57] <SUCS> [Bot.setupEvents] Discord events setup completed
[2018-07-20 04:25:57] <VERB> [Bot.connect] Starting
[2018-07-20 04:25:57] <SUCS> [Bot.setup] Bot setup completed
[2018-07-20 04:25:58] <VERB> [ConsoleInterface] Setting up console interface
[2018-07-20 04:25:58] <SUCS> [ConsoleInterface.setup] Console interface setup completed
[2018-07-20 04:25:58] <SUCS> [Bot.setupAuthStore] Auth store setup completed
[2018-07-20 04:25:58] <INFO> [Bot.setupEvents] Logged in as Knight#8221
[2018-07-20 04:25:58] <SUCS> [Bot.setupEvents] Ready | Took 1s
[2018-07-20 04:27:46] <VERB> [Bot.disconnect] Saving auth store
[2018-07-20 04:27:46] <VERB> [Bot.disconnect] Saving JsonProvider
[2018-07-20 04:28:09] <VERB> [Bot.setup] Loaded 4 behaviours
[2018-07-20 04:28:09] <SUCS> [Bot.setup] Enabled 3 behaviours
[2018-07-20 04:28:09] <VERB> [CommandLoader.loadAll] Loading multiple commands
[2018-07-20 04:28:09] <SUCS> [CommandLoader.loadAll] Loaded a total of 27 command(s)
[2018-07-20 04:28:09] <VERB> [CommandLoader.loadPrimitives] Attempting to load 6 primitive commands
[2018-07-20 04:28:09] <VERB> [Bot.setupEvents] Setting up Discord events
[2018-07-20 04:28:09] <SUCS> [CommandLoader.loadPrimitives] Successfully loaded 6/6 primitive commands
[2018-07-20 04:28:09] <SUCS> [Bot.setupEvents] Discord events setup completed
[2018-07-20 04:28:09] <SUCS> [Bot.setup] Bot setup completed
[2018-07-20 04:28:09] <VERB> [Bot.connect] Starting
[2018-07-20 04:28:26] <VERB> [Bot.setup] Loaded 4 behaviours
[2018-07-20 04:28:26] <SUCS> [Bot.setup] Enabled 3 behaviours
[2018-07-20 04:28:26] <VERB> [CommandLoader.loadAll] Loading multiple commands
[2018-07-20 04:28:27] <VERB> [CommandLoader.loadPrimitives] Attempting to load 6 primitive commands
[2018-07-20 04:28:27] <VERB> [Bot.setupEvents] Setting up Discord events
[2018-07-20 04:28:27] <SUCS> [CommandLoader.loadAll] Loaded a total of 27 command(s)
[2018-07-20 04:28:27] <SUCS> [CommandLoader.loadPrimitives] Successfully loaded 6/6 primitive commands
[2018-07-20 04:28:27] <SUCS> [Bot.setupEvents] Discord events setup completed
[2018-07-20 04:28:27] <SUCS> [Bot.setup] Bot setup completed
[2018-07-20 04:28:27] <VERB> [Bot.connect] Starting
[2018-07-20 04:29:18] <VERB> [Bot.setup] Loaded 4 behaviours
[2018-07-20 04:29:18] <SUCS> [Bot.setup] Enabled 3 behaviours
[2018-07-20 04:29:18] <VERB> [CommandLoader.loadAll] Loading multiple commands
[2018-07-20 04:29:19] <SUCS> [CommandLoader.loadAll] Loaded a total of 27 command(s)
[2018-07-20 04:29:19] <VERB> [CommandLoader.loadPrimitives] Attempting to load 6 primitive commands
[2018-07-20 04:29:19] <SUCS> [CommandLoader.loadPrimitives] Successfully loaded 6/6 primitive commands
[2018-07-20 04:29:19] <VERB> [Bot.setupEvents] Setting up Discord events
[2018-07-20 04:29:19] <SUCS> [Bot.setupEvents] Discord events setup completed
[2018-07-20 04:29:19] <SUCS> [Bot.setup] Bot setup completed
[2018-07-20 04:29:19] <VERB> [Bot.connect] Starting
[2018-07-20 04:29:43] <VERB> [Bot.setup] Loaded 4 behaviours
[2018-07-20 04:29:43] <SUCS> [Bot.setup] Enabled 3 behaviours
[2018-07-20 04:29:43] <VERB> [CommandLoader.loadAll] Loading multiple commands
[2018-07-20 04:29:44] <VERB> [CommandLoader.loadPrimitives] Attempting to load 6 primitive commands
[2018-07-20 04:29:44] <VERB> [Bot.setupEvents] Setting up Discord events
[2018-07-20 04:29:44] <SUCS> [CommandLoader.loadAll] Loaded a total of 27 command(s)
[2018-07-20 04:29:44] <SUCS> [CommandLoader.loadPrimitives] Successfully loaded 6/6 primitive commands
[2018-07-20 04:29:44] <SUCS> [Bot.setupEvents] Discord events setup completed
[2018-07-20 04:29:44] <SUCS> [Bot.setup] Bot setup completed
[2018-07-20 04:29:44] <VERB> [Bot.connect] Starting
[2018-07-21 00:58:41] <VERB> [Bot.setup] Attempting to load internal fragments
[2018-07-21 00:58:41] <VERB> [Bot.setup] Loading 6 internal fragments
[2018-07-21 00:58:41] <SUCS> [Bot.setup] Enabled 6/6 internal fragments
[2018-07-21 00:58:41] <VERB> [Bot.setupEvents] Setting up Discord events
[2018-07-21 00:58:41] <SUCS> [Bot.setupEvents] Discord events setup completed
[2018-07-21 00:58:41] <SUCS> [Bot.setup] Bot setup completed
[2018-07-21 00:58:41] <VERB> [Bot.connect] Starting
[2018-07-21 00:59:42] <VERB> [Bot.setup] Attempting to load internal fragments
[2018-07-21 00:59:42] <VERB> [Bot.setup] Loading 6 internal fragments
[2018-07-21 00:59:42] <SUCS> [Bot.setup] Enabled 6/6 internal fragments
[2018-07-21 00:59:42] <VERB> [Bot.setupEvents] Setting up Discord events
[2018-07-21 00:59:42] <SUCS> [Bot.setupEvents] Discord events setup completed
[2018-07-21 00:59:42] <SUCS> [Bot.setup] Bot setup completed
[2018-07-21 00:59:42] <VERB> [Bot.connect] Starting
[2018-07-21 00:59:44] <DANG> There was an error creating the temp folder for the bot: 434432910947385354 (ENOENT: no such file or directory, mkdir '/mnt/d/Projects/warden/dist/tmp/u434432910947385354')
[2018-07-21 00:59:44] <VERB> [ConsoleInterface] Setting up console interface
[2018-07-21 00:59:44] <SUCS> [ConsoleInterface.setup] Console interface setup completed
[2018-07-21 00:59:44] <SUCS> [Bot.setupAuthStore] Auth store setup completed
[2018-07-21 00:59:44] <INFO> [Bot.setupEvents] Logged in as Knight#8221
[2018-07-21 00:59:44] <SUCS> [Bot.setupEvents] Ready | Took 2s
[2018-07-21 01:00:05] <DBUG> Time to live: 10600
[2018-07-21 01:00:27] <DBUG> Time to live: 10600
[2018-07-21 01:06:40] <VERB> [Bot.disconnect] Saving auth store
[2018-07-21 01:06:40] <VERB> [Bot.disconnect] Saving JsonProvider
[2018-07-21 01:06:46] <VERB> [Bot.setup] Attempting to load internal fragments
[2018-07-21 01:06:46] <VERB> [Bot.setup] Loading 6 internal fragments
[2018-07-21 01:06:46] <SUCS> [Bot.setup] Enabled 6/6 internal fragments
[2018-07-21 01:06:46] <VERB> [Bot.setupEvents] Setting up Discord events
[2018-07-21 01:06:46] <SUCS> [Bot.setupEvents] Discord events setup completed
[2018-07-21 01:06:46] <SUCS> [Bot.setup] Bot setup completed
[2018-07-21 01:06:46] <VERB> [Bot.connect] Starting
[2018-07-21 01:06:46] <DANG> There was an error creating the temp folder for the bot: 434432910947385354 (ENOENT: no such file or directory, mkdir '/mnt/d/Projects/warden/dist/tmp/u434432910947385354')
[2018-07-21 01:06:46] <VERB> [ConsoleInterface] Setting up console interface
[2018-07-21 01:06:46] <SUCS> [ConsoleInterface.setup] Console interface setup completed
[2018-07-21 01:06:46] <SUCS> [Bot.setupAuthStore] Auth store setup completed
[2018-07-21 01:06:46] <INFO> [Bot.setupEvents] Logged in as Knight#8221
[2018-07-21 01:06:46] <SUCS> [Bot.setupEvents] Ready | Took 496ms
[2018-07-21 01:07:14] <VERB> [Bot.disconnect] Saving auth store
[2018-07-21 01:07:14] <VERB> [Bot.disconnect] Saving JsonProvider
[2018-07-21 01:07:19] <VERB> [Bot.setup] Attempting to load internal fragments
[2018-07-21 01:07:19] <VERB> [Bot.setup] Loading 6 internal fragments
[2018-07-21 01:07:19] <SUCS> [Bot.setup] Enabled 6/6 internal fragments
[2018-07-21 01:07:19] <VERB> [Bot.setupEvents] Setting up Discord events
[2018-07-21 01:07:19] <SUCS> [Bot.setupEvents] Discord events setup completed
[2018-07-21 01:07:19] <SUCS> [Bot.setup] Bot setup completed
[2018-07-21 01:07:19] <VERB> [Bot.connect] Starting
[2018-07-21 01:07:20] <DANG> There was an error creating the temp folder for the bot: 434432910947385354 (ENOENT: no such file or directory, mkdir '/mnt/d/Projects/warden/dist/tmp/u434432910947385354')
[2018-07-21 01:07:20] <VERB> [ConsoleInterface] Setting up console interface
[2018-07-21 01:07:20] <SUCS> [ConsoleInterface.setup] Console interface setup completed
[2018-07-21 01:07:20] <SUCS> [Bot.setupAuthStore] Auth store setup completed
[2018-07-21 01:07:20] <INFO> [Bot.setupEvents] Logged in as Knight#8221
[2018-07-21 01:07:20] <SUCS> [Bot.setupEvents] Ready | Took 482ms
[2018-07-21 01:07:37] <VERB> [Bot.disconnect] Saving auth store
[2018-07-21 01:07:37] <VERB> [Bot.disconnect] Saving JsonProvider
[2018-07-21 01:07:42] <VERB> [Bot.setup] Attempting to load internal fragments
[2018-07-21 01:07:42] <VERB> [Bot.setup] Loading 6 internal fragments
[2018-07-21 01:07:42] <SUCS> [Bot.setup] Enabled 6/6 internal fragments
[2018-07-21 01:07:42] <VERB> [Bot.setupEvents] Setting up Discord events
[2018-07-21 01:07:42] <SUCS> [Bot.setupEvents] Discord events setup completed
[2018-07-21 01:07:42] <SUCS> [Bot.setup] Bot setup completed
[2018-07-21 01:07:42] <VERB> [Bot.connect] Starting
[2018-07-21 01:07:42] <DANG> There was an error creating the temp folder for the bot: 434432910947385354 (ENOENT: no such file or directory, mkdir '/mnt/d/Projects/warden/dist/tmp/u434432910947385354')
[2018-07-21 01:07:42] <VERB> [ConsoleInterface] Setting up console interface
[2018-07-21 01:07:42] <SUCS> [ConsoleInterface.setup] Console interface setup completed
[2018-07-21 01:07:42] <SUCS> [Bot.setupAuthStore] Auth store setup completed
[2018-07-21 01:07:42] <INFO> [Bot.setupEvents] Logged in as Knight#8221
[2018-07-21 01:07:42] <SUCS> [Bot.setupEvents] Ready | Took 496ms
[2018-07-21 01:07:58] <VERB> [Bot.disconnect] Saving auth store
[2018-07-21 01:07:58] <VERB> [Bot.disconnect] Saving JsonProvider
[2018-07-21 01:08:05] <VERB> [Bot.setup] Attempting to load internal fragments
[2018-07-21 01:08:05] <VERB> [Bot.setup] Loading 6 internal fragments
[2018-07-21 01:08:05] <SUCS> [Bot.setup] Enabled 6/6 internal fragments
[2018-07-21 01:08:05] <VERB> [Bot.setupEvents] Setting up Discord events
[2018-07-21 01:08:05] <SUCS> [Bot.setupEvents] Discord events setup completed
[2018-07-21 01:08:05] <SUCS> [Bot.setup] Bot setup completed
[2018-07-21 01:08:05] <VERB> [Bot.connect] Starting
[2018-07-21 01:08:06] <DANG> There was an error creating the temp folder for the bot: 434432910947385354 (ENOENT: no such file or directory, mkdir '/mnt/d/Projects/warden/dist/tmp/u434432910947385354')
[2018-07-21 01:08:06] <VERB> [ConsoleInterface] Setting up console interface
[2018-07-21 01:08:06] <SUCS> [ConsoleInterface.setup] Console interface setup completed
[2018-07-21 01:08:06] <SUCS> [Bot.setupAuthStore] Auth store setup completed
[2018-07-21 01:08:06] <INFO> [Bot.setupEvents] Logged in as Knight#8221
[2018-07-21 01:08:06] <SUCS> [Bot.setupEvents] Ready | Took 498ms
[2018-07-21 01:08:20] <VERB> [Bot.disconnect] Saving auth store
[2018-07-21 01:08:20] <VERB> [Bot.disconnect] Saving JsonProvider
[2018-07-21 01:08:25] <VERB> [Bot.setup] Attempting to load internal fragments
[2018-07-21 01:08:25] <VERB> [Bot.setup] Loading 6 internal fragments
[2018-07-21 01:08:25] <SUCS> [Bot.setup] Enabled 6/6 internal fragments
[2018-07-21 01:08:25] <VERB> [Bot.setupEvents] Setting up Discord events
[2018-07-21 01:08:25] <SUCS> [Bot.setupEvents] Discord events setup completed
[2018-07-21 01:08:25] <SUCS> [Bot.setup] Bot setup completed
[2018-07-21 01:08:25] <VERB> [Bot.connect] Starting
[2018-07-21 01:08:26] <DANG> There was an error creating the temp folder for the bot: 434432910947385354 (ENOENT: no such file or directory, mkdir '/mnt/d/Projects/warden/dist/tmp/u434432910947385354')
[2018-07-21 01:08:26] <VERB> [ConsoleInterface] Setting up console interface
[2018-07-21 01:08:26] <SUCS> [ConsoleInterface.setup] Console interface setup completed
[2018-07-21 01:08:26] <SUCS> [Bot.setupAuthStore] Auth store setup completed
[2018-07-21 01:08:26] <INFO> [Bot.setupEvents] Logged in as Knight#8221
[2018-07-21 01:08:26] <SUCS> [Bot.setupEvents] Ready | Took 1s
[2018-07-21 01:10:13] <VERB> [Bot.disconnect] Saving auth store
[2018-07-21 01:10:13] <VERB> [Bot.disconnect] Saving JsonProvider
[2018-07-21 01:10:25] <VERB> [Bot.setup] Attempting to load internal fragments
[2018-07-21 01:10:25] <VERB> [Bot.setup] Loading 6 internal fragments
[2018-07-21 01:10:25] <SUCS> [Bot.setup] Enabled 6/6 internal fragments
[2018-07-21 01:10:25] <VERB> [Bot.setupEvents] Setting up Discord events
[2018-07-21 01:10:25] <SUCS> [Bot.setupEvents] Discord events setup completed
[2018-07-21 01:10:25] <SUCS> [Bot.setup] Bot setup completed
[2018-07-21 01:10:25] <VERB> [Bot.connect] Starting
[2018-07-21 01:10:26] <DANG> There was an error creating the temp folder for the bot: 434432910947385354 (ENOENT: no such file or directory, mkdir '/mnt/d/Projects/warden/dist/tmp/u434432910947385354')
[2018-07-21 01:10:26] <VERB> [ConsoleInterface] Setting up console interface
[2018-07-21 01:10:26] <SUCS> [ConsoleInterface.setup] Console interface setup completed
[2018-07-21 01:10:26] <SUCS> [Bot.setupAuthStore] Auth store setup completed
[2018-07-21 01:10:26] <INFO> [Bot.setupEvents] Logged in as Knight#8221
[2018-07-21 01:10:26] <SUCS> [Bot.setupEvents] Ready | Took 490ms
[2018-07-21 01:10:40] <VERB> [Bot.disconnect] Saving auth store
[2018-07-21 01:10:40] <VERB> [Bot.disconnect] Saving JsonProvider
[2018-07-21 01:10:54] <VERB> [Bot.setup] Attempting to load internal fragments
[2018-07-21 01:10:54] <VERB> [Bot.setup] Loading 6 internal fragments
[2018-07-21 01:10:54] <SUCS> [Bot.setup] Enabled 6/6 internal fragments
[2018-07-21 01:10:54] <VERB> [Bot.setupEvents] Setting up Discord events
[2018-07-21 01:10:54] <SUCS> [Bot.setupEvents] Discord events setup completed
[2018-07-21 01:10:54] <SUCS> [Bot.setup] Bot setup completed
[2018-07-21 01:10:54] <VERB> [Bot.connect] Starting
[2018-07-21 01:10:55] <DANG> There was an error creating the temp folder for the bot: 434432910947385354 (ENOENT: no such file or directory, mkdir '/mnt/d/Projects/warden/dist/tmp/u434432910947385354')
[2018-07-21 01:10:55] <VERB> [ConsoleInterface] Setting up console interface
[2018-07-21 01:10:55] <SUCS> [ConsoleInterface.setup] Console interface setup completed
[2018-07-21 01:10:55] <SUCS> [Bot.setupAuthStore] Auth store setup completed
[2018-07-21 01:10:55] <INFO> [Bot.setupEvents] Logged in as Knight#8221
[2018-07-21 01:10:55] <SUCS> [Bot.setupEvents] Ready | Took 1s
[2018-07-21 01:11:07] <VERB> [Bot.disconnect] Saving auth store
[2018-07-21 01:11:07] <VERB> [Bot.disconnect] Saving JsonProvider
[2018-07-21 01:11:24] <VERB> [Bot.setup] Attempting to load internal fragments
[2018-07-21 01:11:24] <VERB> [Bot.setup] Loading 6 internal fragments
[2018-07-21 01:11:24] <SUCS> [Bot.setup] Enabled 6/6 internal fragments
[2018-07-21 01:11:24] <VERB> [Bot.setupEvents] Setting up Discord events
[2018-07-21 01:11:24] <SUCS> [Bot.setupEvents] Discord events setup completed
[2018-07-21 01:11:24] <SUCS> [Bot.setup] Bot setup completed
[2018-07-21 01:11:24] <VERB> [Bot.connect] Starting
[2018-07-21 01:11:25] <DANG> There was an error creating the temp folder for the bot: 434432910947385354 (ENOENT: no such file or directory, mkdir '/mnt/d/Projects/warden/dist/tmp/u434432910947385354')
[2018-07-21 01:11:25] <VERB> [ConsoleInterface] Setting up console interface
[2018-07-21 01:11:25] <SUCS> [ConsoleInterface.setup] Console interface setup completed
[2018-07-21 01:11:25] <SUCS> [Bot.setupAuthStore] Auth store setup completed
[2018-07-21 01:11:25] <INFO> [Bot.setupEvents] Logged in as Knight#8221
[2018-07-21 01:11:25] <SUCS> [Bot.setupEvents] Ready | Took 1s
[2018-07-21 01:11:30] <DBUG> Time to live: 10600
[2018-07-21 01:11:35] <DBUG> Time to live: 10600
[2018-07-21 01:20:11] <VERB> [Bot.disconnect] Saving auth store
[2018-07-21 01:20:11] <VERB> [Bot.disconnect] Saving JsonProvider
