Arguments: 
  /usr/bin/node /usr/share/yarn/bin/yarn.js

PATH: 
  /usr/local/sbin:/usr/local/bin:/usr/sbin:/usr/bin:/sbin:/bin:/usr/games:/usr/local/games:/snap/bin:/usr/lib/jvm/java-8-oracle/bin:/usr/lib/jvm/java-8-oracle/db/bin:/usr/lib/jvm/java-8-oracle/jre/bin

Yarn version: 
  1.9.4

Node version: 
  8.11.1

Platform: 
  linux x64

Trace: 
  Error: connect ECONNREFUSED 127.0.0.1:4873
      at Object._errnoException (util.js:1022:11)
      at _exceptionWithHostPort (util.js:1044:20)
      at TCPConnectWrap.afterConnect [as oncomplete] (net.js:1198:14)

npm manifest: 
  {
      "name": "warden",
      "version": "1.0.0",
      "description": "Moderation bot built using the Anvil framework",
      "main": "index.js",
      "scripts": {
          "build": "tsc",
          "start": "npm run build && node dist/app.js"
      },
      "author": "CloudRex <cloudrex@outlook.com>",
      "license": "MIT",
      "dependencies": {
          "@types/knex": "^0.14.18",
          "@types/node": "^10.5.4",
          "discord-anvil": "git+https://gitlab+deploy-token-14678:b9jbdgmJjyZESL5hUk5V@gitlab.com/cloudrex/anvil#dev-2.0",
          "discord.js": "^11.4.2",
          "knex": "^0.15.2",
          "sqlite3": "^4.0.2",
          "typescript": "^2.9.2"
      }
  }

yarn manifest: 
  No manifest

Lockfile: 
  No lockfile
